avoidthespikes/codecanyon-12187429-avoid-the-spikes-android-arcade-game/Avoid the Spikes v2.1/CODE/Avoid The Spikes/googleplayservices_lib/build/outputs/logs/manifest-merger-debug-report.txt
-- Merging decision tree log ---
manifest
ADDED from src/main/AndroidManifest.xml:16:1-19:12
INJECTED from src/main/AndroidManifest.xml:16:1-19:12
INJECTED from src/main/AndroidManifest.xml:16:1-19:12
INJECTED from src/main/AndroidManifest.xml:16:1-19:12
INJECTED from src/main/AndroidManifest.xml:16:1-19:12
INJECTED from src/main/AndroidManifest.xml:16:1-19:12
INJECTED from src/main/AndroidManifest.xml:16:1-19:12
	package
		ADDED from src/main/AndroidManifest.xml:16:133-165
		INJECTED from src/main/AndroidManifest.xml
		INJECTED from src/main/AndroidManifest.xml
	android:versionName
		ADDED from src/main/AndroidManifest.xml:16:100-132
		INJECTED from src/main/AndroidManifest.xml
		INJECTED from src/main/AndroidManifest.xml
	xmlns:android
		ADDED from src/main/AndroidManifest.xml:16:11-69
	android:versionCode
		ADDED from src/main/AndroidManifest.xml:16:70-99
		INJECTED from src/main/AndroidManifest.xml
		INJECTED from src/main/AndroidManifest.xml
uses-sdk
ADDED from src/main/AndroidManifest.xml:17:5-42
INJECTED from src/main/AndroidManifest.xml:17:5-42
INJECTED from src/main/AndroidManifest.xml:17:5-42
INJECTED from src/main/AndroidManifest.xml:17:5-42
INJECTED from src/main/AndroidManifest.xml:17:5-42
	android:targetSdkVersion
		INJECTED from src/main/AndroidManifest.xml
		ADDED from src/main/AndroidManifest.xml:17:5-42
		INJECTED from src/main/AndroidManifest.xml
	android:minSdkVersion
		ADDED from src/main/AndroidManifest.xml:17:15-40
		INJECTED from src/main/AndroidManifest.xml
		INJECTED from src/main/AndroidManifest.xml
application
ADDED from src/main/AndroidManifest.xml:18:5-19